<?xml version="1.0" encoding="UTF-8"?>
<testng-results ignored="0" total="2" passed="2" failed="0" skipped="0">
  <reporter-output>
  </reporter-output>
  <suite started-at="2020-10-03T10:21:27Z" name="Kneat Test Suite" finished-at="2020-10-03T10:22:35Z" duration-ms="68349">
    <groups>
      <group name="cucumber">
        <method signature="TestRunner.feature(cucumber.api.testng.CucumberFeatureWrapper)[pri:0, instance:runner.TestRunner@2e1d27ba]" name="feature" class="runner.TestRunner"/>
      </group> <!-- cucumber -->
    </groups>
    <test started-at="2020-10-03T10:21:27Z" name="Kneat tests" finished-at="2020-10-03T10:22:35Z" duration-ms="68349">
      <class name="runner.TestRunner">
        <test-method is-config="true" signature="setUpClass()[pri:0, instance:runner.TestRunner@2e1d27ba]" started-at="2020-10-03T10:21:27Z" name="setUpClass" finished-at="2020-10-03T10:21:29Z" duration-ms="1720" status="PASS">
          <reporter-output>
          </reporter-output>
        </test-method> <!-- setUpClass -->
        <test-method signature="feature(cucumber.api.testng.CucumberFeatureWrapper)[pri:0, instance:runner.TestRunner@2e1d27ba]" started-at="2020-10-03T10:21:29Z" name="feature" description="Runs Cucumber Feature" data-provider="features" finished-at="2020-10-03T10:22:06Z" duration-ms="36731" status="PASS">
          <params>
            <param index="0">
              <value>
                <![CDATA[To Test Suana filter]]>
              </value>
            </param>
          </params>
          <reporter-output>
          </reporter-output>
        </test-method> <!-- feature -->
        <test-method signature="feature(cucumber.api.testng.CucumberFeatureWrapper)[pri:0, instance:runner.TestRunner@2e1d27ba]" started-at="2020-10-03T10:22:06Z" name="feature" description="Runs Cucumber Feature" data-provider="features" finished-at="2020-10-03T10:22:35Z" duration-ms="29529" status="PASS">
          <params>
            <param index="0">
              <value>
                <![CDATA[To Test Star filter]]>
              </value>
            </param>
          </params>
          <reporter-output>
          </reporter-output>
        </test-method> <!-- feature -->
        <test-method is-config="true" signature="tearDownClass()[pri:0, instance:runner.TestRunner@2e1d27ba]" started-at="2020-10-03T10:22:35Z" name="tearDownClass" finished-at="2020-10-03T10:22:35Z" duration-ms="270" status="PASS">
          <reporter-output>
          </reporter-output>
        </test-method> <!-- tearDownClass -->
      </class> <!-- runner.TestRunner -->
    </test> <!-- Kneat tests -->
  </suite> <!-- Kneat Test Suite -->
</testng-results>
