<?xml version="1.0" encoding="UTF-8"?>
<testng-results ignored="0" total="2" passed="2" failed="0" skipped="0">
  <reporter-output>
  </reporter-output>
  <suite started-at="2020-09-27T02:35:18Z" name="Default suite" finished-at="2020-09-27T02:35:33Z" duration-ms="15327">
    <groups>
      <group name="cucumber">
        <method signature="DingRunner.feature(cucumber.api.testng.CucumberFeatureWrapper)[pri:0, instance:runner.DingRunner@363a52f]" name="feature" class="runner.DingRunner"/>
      </group> <!-- cucumber -->
    </groups>
    <test started-at="2020-09-27T02:35:18Z" name="Default test" finished-at="2020-09-27T02:35:33Z" duration-ms="15327">
      <class name="runner.DingRunner">
        <test-method is-config="true" signature="setUpClass()[pri:0, instance:runner.DingRunner@363a52f]" started-at="2020-09-27T02:35:18Z" name="setUpClass" finished-at="2020-09-27T02:35:19Z" duration-ms="1822" status="PASS">
          <reporter-output>
          </reporter-output>
        </test-method> <!-- setUpClass -->
        <test-method signature="feature(cucumber.api.testng.CucumberFeatureWrapper)[pri:0, instance:runner.DingRunner@363a52f]" started-at="2020-09-27T02:35:19Z" name="feature" description="Runs Cucumber Feature" data-provider="features" finished-at="2020-09-27T02:35:25Z" duration-ms="5906" status="PASS">
          <params>
            <param index="0">
              <value>
                <![CDATA[CRUD Operations on Pet]]>
              </value>
            </param>
          </params>
          <reporter-output>
          </reporter-output>
        </test-method> <!-- feature -->
        <test-method signature="feature(cucumber.api.testng.CucumberFeatureWrapper)[pri:0, instance:runner.DingRunner@363a52f]" started-at="2020-09-27T02:35:25Z" name="feature" description="Runs Cucumber Feature" data-provider="features" finished-at="2020-09-27T02:35:33Z" duration-ms="7420" status="PASS">
          <params>
            <param index="0">
              <value>
                <![CDATA[To Test failed login scenarios]]>
              </value>
            </param>
          </params>
          <reporter-output>
          </reporter-output>
        </test-method> <!-- feature -->
        <test-method is-config="true" signature="tearDownClass()[pri:0, instance:runner.DingRunner@363a52f]" started-at="2020-09-27T02:35:33Z" name="tearDownClass" finished-at="2020-09-27T02:35:33Z" duration-ms="93" status="PASS">
          <reporter-output>
          </reporter-output>
        </test-method> <!-- tearDownClass -->
      </class> <!-- runner.DingRunner -->
    </test> <!-- Default test -->
  </suite> <!-- Default suite -->
</testng-results>
